[debug] [2021-03-07T10:58:41.862Z] ----------------------------------------------------------------------
[debug] [2021-03-07T10:58:41.864Z] Command:       C:\Program Files\nodejs\node.exe C:\Users\devel\AppData\Roaming\npm\node_modules\firebase-tools\lib\bin\firebase.js init
[debug] [2021-03-07T10:58:41.864Z] CLI Version:   9.5.0
[debug] [2021-03-07T10:58:41.864Z] Platform:      win32
[debug] [2021-03-07T10:58:41.864Z] Node Version:  v14.15.3
[debug] [2021-03-07T10:58:41.865Z] Time:          Sun Mar 07 2021 15:28:41 GMT+0430 (Afghanistan Time)
[debug] [2021-03-07T10:58:41.866Z] ----------------------------------------------------------------------
[debug] [2021-03-07T10:58:41.866Z] 
[debug] [2021-03-07T10:58:41.874Z] > command requires scopes: ["email","openid","https://www.googleapis.com/auth/cloudplatformprojects.readonly","https://www.googleapis.com/auth/firebase","https://www.googleapis.com/auth/cloud-platform"]
[debug] [2021-03-07T10:58:41.874Z] > authorizing via signed-in user
[info] 
     ######## #### ########  ######## ########     ###     ######  ########
     ##        ##  ##     ## ##       ##     ##  ##   ##  ##       ##
     ######    ##  ########  ######   ########  #########  ######  ######
     ##        ##  ##    ##  ##       ##     ## ##     ##       ## ##
     ##       #### ##     ## ######## ########  ##     ##  ######  ########

You're about to initialize a Firebase project in this directory:

  C:\Users\devel\Desktop\facebook-clone\fb-clone

[info] 
=== Project Setup
[info] 
[info] First, let's associate this project directory with a Firebase project.
[info] You can create multiple project aliases by running firebase use --add, 
[info] but for now we'll just set up a default project.
[info] 
[debug] [2021-03-07T10:59:22.157Z] >>> [apiv2][query] GET https://firebase.googleapis.com/v1beta1/projects pageSize=100
[debug] [2021-03-07T10:59:22.930Z] <<< [apiv2][status] GET https://firebase.googleapis.com/v1beta1/projects 200
[debug] [2021-03-07T10:59:22.930Z] <<< [apiv2][body] GET https://firebase.googleapis.com/v1beta1/projects [omitted]
[info] i  Using project facebook-clone-7f6bc (facebook-clone) 
[info] 
=== Hosting Setup
[info] 
[info] Your public directory is the folder (relative to your project directory) that
[info] will contain Hosting assets to be uploaded with firebase deploy. If you
[info] have a build process for your assets, use your build's output directory.
[info] 
[debug] [2021-03-07T11:00:12.934Z] >>> [apiv2][query] GET https://www.gstatic.com/firebasejs/releases.json [none]
[debug] [2021-03-07T11:00:13.368Z] <<< [apiv2][status] GET https://www.gstatic.com/firebasejs/releases.json 200
[debug] [2021-03-07T11:00:13.369Z] <<< [apiv2][body] GET https://www.gstatic.com/firebasejs/releases.json {"current":{"version":"8.2.10","browserURL":"https://www.gstatic.com/firebasejs/8.2.10/firebase.js","packageURL":"https://www.gstatic.com/firebasejs/8.2.10/firebase.tgz"},"live":{"version":"8.2","browserURL":"https://www.gstatic.com/firebasejs/live/8.2/firebase.js","packageURL":"https://www.gstatic.com/firebasejs/live/8.2/firebase.tgz"},"components":{"analytics":"https://www.gstatic.com/firebasejs/8.2.10/firebase-analytics.js","app":"https://www.gstatic.com/firebasejs/8.2.10/firebase-app.js","auth":"https://www.gstatic.com/firebasejs/8.2.10/firebase-auth.js","database":"https://www.gstatic.com/firebasejs/8.2.10/firebase-database.js","firestore":"https://www.gstatic.com/firebasejs/8.2.10/firebase-firestore.js","functions":"https://www.gstatic.com/firebasejs/8.2.10/firebase-functions.js","installations":"https://www.gstatic.com/firebasejs/8.2.10/firebase-installations.js","messaging":"https://www.gstatic.com/firebasejs/8.2.10/firebase-messaging.js","storage":"https://www.gstatic.com/firebasejs/8.2.10/firebase-storage.js","performance":"https://www.gstatic.com/firebasejs/8.2.10/firebase-performance.js","remote-config":"https://www.gstatic.com/firebasejs/8.2.10/firebase-remote-config.js","firestore.memory":"https://www.gstatic.com/firebasejs/8.2.10/firebase-firestore.memory.js"}}
[info] +  Wrote build/index.html 
[info] 
[info] i  Detected a .git folder at C:\Users\devel\Desktop\facebook-clone\fb-clone 
[info] i  Authorizing with GitHub to upload your service account to a GitHub repository's secrets store. 
[info] 
[info] Visit this URL on this device to log in:
[info] https://github.com/login/oauth/authorize?client_id=89cf50f02ac6aaed3484&state=307807777&redirect_uri=http%3A%2F%2Flocalhost%3A9005&scope=read%3Auser%20repo%20public_repo
[info] 
[info] Waiting for authentication...
[debug] [2021-03-07T11:00:22.364Z] >>> HTTP REQUEST POST https://github.com/login/oauth/access_token  
 {"client_id":"89cf50f02ac6aaed3484","client_secret":"3330d14abc895d9a74d5f17cd7a00711fa2c5bf0","code":"9f2cad615f080f60a1d9","redirect_uri":"http://localhost:9005","state":"307807777"}
[debug] [2021-03-07T11:00:23.357Z] <<< HTTP RESPONSE 200 {"server":"GitHub.com","date":"Sun, 07 Mar 2021 10:57:53 GMT","content-type":"application/json; charset=utf-8","transfer-encoding":"chunked","vary":"X-PJAX, Accept-Encoding, Accept, X-Requested-With","etag":"W/\"359ce4e0596a49fdc82bd5d09b2146da\"","cache-control":"max-age=0, private, must-revalidate","strict-transport-security":"max-age=31536000; includeSubdomains; preload","x-frame-options":"deny","x-content-type-options":"nosniff","x-xss-protection":"1; mode=block","referrer-policy":"origin-when-cross-origin, strict-origin-when-cross-origin","expect-ct":"max-age=2592000, report-uri=\"https://api.github.com/_private/browser/errors\"","content-security-policy":"default-src 'none'; base-uri 'self'; block-all-mixed-content; connect-src 'self' uploads.github.com www.githubstatus.com collector.githubapp.com api.github.com github-cloud.s3.amazonaws.com github-production-repository-file-5c1aeb.s3.amazonaws.com github-production-upload-manifest-file-7fdce7.s3.amazonaws.com github-production-user-asset-6210df.s3.amazonaws.com cdn.optimizely.com logx.optimizely.com/v1/events wss://alive.github.com; font-src github.githubassets.com; form-action 'self' github.com gist.github.com; frame-ancestors 'none'; frame-src render.githubusercontent.com; img-src 'self' data: github.githubassets.com identicons.github.com collector.githubapp.com github-cloud.s3.amazonaws.com secured-user-images.githubusercontent.com/ *.githubusercontent.com; manifest-src 'self'; media-src 'none'; script-src github.githubassets.com; style-src 'unsafe-inline' github.githubassets.com; worker-src github.com/socket-worker-5029ae85.js gist.github.com/socket-worker-5029ae85.js","x-github-request-id":"2E54:7C18:11E9591:1B8F29E:6044B1B0"}
[debug] [2021-03-07T11:00:23.369Z] >>> [apiv2][query] GET https://api.github.com/user [none]
[debug] [2021-03-07T11:00:24.346Z] <<< [apiv2][status] GET https://api.github.com/user 200
[debug] [2021-03-07T11:00:24.347Z] <<< [apiv2][body] GET https://api.github.com/user {"login":"bluebitconsulting","id":76871387,"node_id":"MDQ6VXNlcjc2ODcxMzg3","avatar_url":"https://avatars.githubusercontent.com/u/76871387?v=4","gravatar_id":"","url":"https://api.github.com/users/bluebitconsulting","html_url":"https://github.com/bluebitconsulting","followers_url":"https://api.github.com/users/bluebitconsulting/followers","following_url":"https://api.github.com/users/bluebitconsulting/following{/other_user}","gists_url":"https://api.github.com/users/bluebitconsulting/gists{/gist_id}","starred_url":"https://api.github.com/users/bluebitconsulting/starred{/owner}{/repo}","subscriptions_url":"https://api.github.com/users/bluebitconsulting/subscriptions","organizations_url":"https://api.github.com/users/bluebitconsulting/orgs","repos_url":"https://api.github.com/users/bluebitconsulting/repos","events_url":"https://api.github.com/users/bluebitconsulting/events{/privacy}","received_events_url":"https://api.github.com/users/bluebitconsulting/received_events","type":"User","site_admin":false,"name":"BlueBit Networking Services","company":"BlueBit Networking Service","blog":"https://bluebit.af","location":"Sar-e-Kariz, Charahi Shaheed, Poly Sorkh, D#6, Kabul Afghanistan","email":null,"hireable":null,"bio":"Blue Bit Networking Services, is an afghan owned company based in Kabul Afghanistan, we offer a wide range of services including Voice Over IP Solutions, Networ","twitter_username":null,"public_repos":3,"public_gists":0,"followers":0,"following":1,"created_at":"2021-01-02T12:45:56Z","updated_at":"2021-03-07T10:57:52Z","private_gists":0,"total_private_repos":5,"owned_private_repos":5,"disk_usage":32273,"collaborators":1,"two_factor_authentication":false,"plan":{"name":"free","space":976562499,"collaborators":0,"private_repos":10000}}
[info] 
[info] +  Success! Logged into GitHub as bluebitconsulting 
[info] 
